<?xml version="1.0" encoding="UTF-8"?>
<!-- Generated by org.testng.reporters.JUnitReportReporter -->
<testsuite skipped="0" hostname="Rakesh-Singh" name="com.qa.opencart.tests.RegisterTest" tests="4" failures="0" timestamp="25 Jun 2024 02:03:20 GMT" time="15.793" errors="0">
  <testcase name="userRegisterTest" time="3.210" classname="com.qa.opencart.tests.RegisterTest"/>
  <testcase name="userRegisterTest" time="2.283" classname="com.qa.opencart.tests.RegisterTest"/>
  <testcase name="userRegisterTest" time="8.354" classname="com.qa.opencart.tests.RegisterTest"/>
  <testcase name="userRegisterTest" time="1.946" classname="com.qa.opencart.tests.RegisterTest"/>
</testsuite> <!-- com.qa.opencart.tests.RegisterTest -->
