<?xml version="1.0" encoding="UTF-8"?>
<!-- Generated by org.testng.reporters.JUnitReportReporter -->
<testsuite hostname="Rakesh-Singh" failures="0" tests="14" name="com.qa.opencart.tests.SearchResultPageTest" time="23.695" errors="0" timestamp="19 Jul 2024 10:55:43 GMT" skipped="0">
  <testcase classname="com.qa.opencart.tests.SearchResultPageTest" name="doSearch" time="1.505"/>
  <testcase classname="com.qa.opencart.tests.SearchResultPageTest" name="imagesCountTest" time="1.733"/>
  <testcase classname="com.qa.opencart.tests.SearchResultPageTest" name="productInfoTest" time="2.018"/>
  <testcase classname="com.qa.opencart.tests.SearchResultPageTest" name="productInfoTest" time="1.411"/>
  <testcase classname="com.qa.opencart.tests.SearchResultPageTest" name="productDtaTest" time="1.631"/>
  <testcase classname="com.qa.opencart.tests.SearchResultPageTest" name="doSearch" time="1.605"/>
  <testcase classname="com.qa.opencart.tests.SearchResultPageTest" name="imagesCountTest" time="2.299"/>
  <testcase classname="com.qa.opencart.tests.SearchResultPageTest" name="ProductDesc" time="3.396"/>
  <testcase classname="com.qa.opencart.tests.SearchResultPageTest" name="imagesCountTest" time="1.498"/>
  <testcase classname="com.qa.opencart.tests.SearchResultPageTest" name="productInfoTest" time="1.602"/>
  <testcase classname="com.qa.opencart.tests.SearchResultPageTest" name="imagesCountTest" time="1.622"/>
  <testcase classname="com.qa.opencart.tests.SearchResultPageTest" name="doSearch" time="0.891"/>
  <testcase classname="com.qa.opencart.tests.SearchResultPageTest" name="doSearch" time="1.051"/>
  <testcase classname="com.qa.opencart.tests.SearchResultPageTest" name="productInfoTest" time="1.433"/>
</testsuite> <!-- com.qa.opencart.tests.SearchResultPageTest -->
