<?xml version="1.0" encoding="UTF-8"?>
<!-- Generated by org.testng.reporters.JUnitReportReporter -->
<testsuite hostname="Rakesh-Singh" failures="0" tests="10" name="com.qa.opencart.tests.AccountPageTest" time="3.323" errors="0" timestamp="27 Jun 2024 09:03:37 GMT" skipped="0">
  <testcase classname="com.qa.opencart.tests.AccountPageTest" name="footerLinkAllList" time="1.508"/>
  <testcase classname="com.qa.opencart.tests.AccountPageTest" name="accountTitlrTest" time="0.030"/>
  <testcase classname="com.qa.opencart.tests.AccountPageTest" name="getMyAccountPresent" time="0.071"/>
  <testcase classname="com.qa.opencart.tests.AccountPageTest" name="userLogOutPage" time="0.826"/>
  <testcase classname="com.qa.opencart.tests.AccountPageTest" name="addToCartButtonPresent" time="0.104"/>
  <testcase classname="com.qa.opencart.tests.AccountPageTest" name="getPageUrlTest" time="0.017"/>
  <testcase classname="com.qa.opencart.tests.AccountPageTest" name="getcontentMainHeaderList" time="0.250"/>
  <testcase classname="com.qa.opencart.tests.AccountPageTest" name="homePageHeader" time="0.091"/>
  <testcase classname="com.qa.opencart.tests.AccountPageTest" name="LogoutLinkPresent" time="0.342"/>
  <testcase classname="com.qa.opencart.tests.AccountPageTest" name="searchBoxPresent" time="0.084"/>
</testsuite> <!-- com.qa.opencart.tests.AccountPageTest -->
