<?xml version="1.0" encoding="UTF-8"?>
<!-- Generated by org.testng.reporters.JUnitReportReporter -->
<testsuite hostname="Rakesh-Singh" failures="0" tests="4" name="com.qa.opencart.tests.RegisterTest" time="23.584" errors="0" timestamp="27 Jun 2024 09:03:37 GMT" skipped="0">
  <testcase classname="com.qa.opencart.tests.RegisterTest" name="userRegisterTest" time="3.364"/>
  <testcase classname="com.qa.opencart.tests.RegisterTest" name="userRegisterTest" time="7.283"/>
  <testcase classname="com.qa.opencart.tests.RegisterTest" name="userRegisterTest" time="8.106"/>
  <testcase classname="com.qa.opencart.tests.RegisterTest" name="userRegisterTest" time="4.831"/>
</testsuite> <!-- com.qa.opencart.tests.RegisterTest -->
