<?xml version="1.0" encoding="UTF-8"?>
<!-- Generated by org.testng.reporters.JUnitReportReporter -->
<testsuite hostname="Rakesh-Singh" failures="0" tests="14" name="com.qa.opencart.tests.SearchResultPageTest" time="25.448" errors="0" timestamp="27 Jun 2024 09:03:37 GMT" skipped="0">
  <testcase classname="com.qa.opencart.tests.SearchResultPageTest" name="productInfoTest" time="1.330"/>
  <testcase classname="com.qa.opencart.tests.SearchResultPageTest" name="imagesCountTest" time="1.204"/>
  <testcase classname="com.qa.opencart.tests.SearchResultPageTest" name="productInfoTest" time="1.026"/>
  <testcase classname="com.qa.opencart.tests.SearchResultPageTest" name="imagesCountTest" time="1.077"/>
  <testcase classname="com.qa.opencart.tests.SearchResultPageTest" name="doSearch" time="1.800"/>
  <testcase classname="com.qa.opencart.tests.SearchResultPageTest" name="imagesCountTest" time="2.020"/>
  <testcase classname="com.qa.opencart.tests.SearchResultPageTest" name="imagesCountTest" time="0.965"/>
  <testcase classname="com.qa.opencart.tests.SearchResultPageTest" name="productDtaTest" time="1.305"/>
  <testcase classname="com.qa.opencart.tests.SearchResultPageTest" name="productInfoTest" time="1.199"/>
  <testcase classname="com.qa.opencart.tests.SearchResultPageTest" name="doSearch" time="2.080"/>
  <testcase classname="com.qa.opencart.tests.SearchResultPageTest" name="productInfoTest" time="1.111"/>
  <testcase classname="com.qa.opencart.tests.SearchResultPageTest" name="doSearch" time="2.305"/>
  <testcase classname="com.qa.opencart.tests.SearchResultPageTest" name="doSearch" time="1.830"/>
  <testcase classname="com.qa.opencart.tests.SearchResultPageTest" name="ProductDesc" time="6.196"/>
</testsuite> <!-- com.qa.opencart.tests.SearchResultPageTest -->
