<?xml version="1.0" encoding="UTF-8"?>
<!-- Generated by org.testng.reporters.JUnitReportReporter -->
<testsuite skipped="0" hostname="Rakesh-Singh" name="com.qa.opencart.tests.SearchResultPageTest" tests="14" failures="0" timestamp="25 Jun 2024 02:03:21 GMT" time="11.152" errors="0">
  <testcase name="doSearch" time="0.518" classname="com.qa.opencart.tests.SearchResultPageTest"/>
  <testcase name="imagesCountTest" time="1.131" classname="com.qa.opencart.tests.SearchResultPageTest"/>
  <testcase name="productInfoTest" time="0.795" classname="com.qa.opencart.tests.SearchResultPageTest"/>
  <testcase name="productInfoTest" time="0.777" classname="com.qa.opencart.tests.SearchResultPageTest"/>
  <testcase name="doSearch" time="0.561" classname="com.qa.opencart.tests.SearchResultPageTest"/>
  <testcase name="productDtaTest" time="0.821" classname="com.qa.opencart.tests.SearchResultPageTest"/>
  <testcase name="doSearch" time="0.515" classname="com.qa.opencart.tests.SearchResultPageTest"/>
  <testcase name="imagesCountTest" time="0.874" classname="com.qa.opencart.tests.SearchResultPageTest"/>
  <testcase name="imagesCountTest" time="0.844" classname="com.qa.opencart.tests.SearchResultPageTest"/>
  <testcase name="productInfoTest" time="0.853" classname="com.qa.opencart.tests.SearchResultPageTest"/>
  <testcase name="productInfoTest" time="0.744" classname="com.qa.opencart.tests.SearchResultPageTest"/>
  <testcase name="imagesCountTest" time="0.920" classname="com.qa.opencart.tests.SearchResultPageTest"/>
  <testcase name="ProductDesc" time="1.280" classname="com.qa.opencart.tests.SearchResultPageTest"/>
  <testcase name="doSearch" time="0.519" classname="com.qa.opencart.tests.SearchResultPageTest"/>
</testsuite> <!-- com.qa.opencart.tests.SearchResultPageTest -->
