<?xml version="1.0" encoding="UTF-8"?>
<!-- Generated by org.testng.reporters.JUnitReportReporter -->
<testsuite hostname="Rakesh-Singh" failures="0" tests="4" name="com.qa.opencart.tests.RegisterTest" time="22.880" errors="0" timestamp="19 Jul 2024 10:55:43 GMT" skipped="0">
  <testcase classname="com.qa.opencart.tests.RegisterTest" name="userRegisterTest" time="9.268"/>
  <testcase classname="com.qa.opencart.tests.RegisterTest" name="userRegisterTest" time="3.623"/>
  <testcase classname="com.qa.opencart.tests.RegisterTest" name="userRegisterTest" time="5.717"/>
  <testcase classname="com.qa.opencart.tests.RegisterTest" name="userRegisterTest" time="4.272"/>
</testsuite> <!-- com.qa.opencart.tests.RegisterTest -->
