<?xml version="1.0" encoding="UTF-8"?>
<!-- Generated by org.testng.reporters.JUnitReportReporter -->
<testsuite hostname="Rakesh-Singh" failures="0" tests="10" name="com.qa.opencart.tests.AccountPageTest" time="5.429" errors="0" timestamp="19 Jul 2024 10:55:43 GMT" skipped="0">
  <testcase classname="com.qa.opencart.tests.AccountPageTest" name="accountTitleTest" time="0.050"/>
  <testcase classname="com.qa.opencart.tests.AccountPageTest" name="userLogOutPage" time="2.558"/>
  <testcase classname="com.qa.opencart.tests.AccountPageTest" name="myAccountPresent" time="0.114"/>
  <testcase classname="com.qa.opencart.tests.AccountPageTest" name="footerLinkAllList" time="1.800"/>
  <testcase classname="com.qa.opencart.tests.AccountPageTest" name="getPageUrlTest" time="0.052"/>
  <testcase classname="com.qa.opencart.tests.AccountPageTest" name="searchBoxPresent" time="0.106"/>
  <testcase classname="com.qa.opencart.tests.AccountPageTest" name="addToCartButtonPresent" time="0.177"/>
  <testcase classname="com.qa.opencart.tests.AccountPageTest" name="getContentMainHeaderList" time="0.328"/>
  <testcase classname="com.qa.opencart.tests.AccountPageTest" name="logoutLinkPresent" time="0.140"/>
  <testcase classname="com.qa.opencart.tests.AccountPageTest" name="homePageHeader" time="0.104"/>
</testsuite> <!-- com.qa.opencart.tests.AccountPageTest -->
