<?xml version="1.0" encoding="UTF-8"?>
<!-- Generated by org.testng.reporters.JUnitReportReporter -->
<testsuite hostname="Rakesh-Singh" failures="0" tests="10" name="com.qa.opencart.tests.AccountPageTest" time="3.103" errors="0" timestamp="27 Jun 2024 09:17:56 GMT" skipped="0">
  <testcase classname="com.qa.opencart.tests.AccountPageTest" name="accountTitlrTest" time="0.109"/>
  <testcase classname="com.qa.opencart.tests.AccountPageTest" name="addToCartButtonPresent" time="0.210"/>
  <testcase classname="com.qa.opencart.tests.AccountPageTest" name="getMyAccountPresent" time="0.102"/>
  <testcase classname="com.qa.opencart.tests.AccountPageTest" name="getcontentMainHeaderList" time="0.204"/>
  <testcase classname="com.qa.opencart.tests.AccountPageTest" name="userLogOutPage" time="0.744"/>
  <testcase classname="com.qa.opencart.tests.AccountPageTest" name="footerLinkAllList" time="1.175"/>
  <testcase classname="com.qa.opencart.tests.AccountPageTest" name="getPageUrlTest" time="0.036"/>
  <testcase classname="com.qa.opencart.tests.AccountPageTest" name="searchBoxPresent" time="0.067"/>
  <testcase classname="com.qa.opencart.tests.AccountPageTest" name="LogoutLinkPresent" time="0.287"/>
  <testcase classname="com.qa.opencart.tests.AccountPageTest" name="homePageHeader" time="0.169"/>
</testsuite> <!-- com.qa.opencart.tests.AccountPageTest -->
