<?xml version="1.0" encoding="UTF-8"?>
<!-- Generated by org.testng.reporters.JUnitReportReporter -->
<testsuite hostname="Rakesh-Singh" failures="0" tests="4" name="com.qa.opencart.tests.RegisterTest" time="10.043" errors="0" timestamp="27 Jun 2024 09:17:56 GMT" skipped="0">
  <testcase classname="com.qa.opencart.tests.RegisterTest" name="userRegisterTest" time="1.783"/>
  <testcase classname="com.qa.opencart.tests.RegisterTest" name="userRegisterTest" time="2.747"/>
  <testcase classname="com.qa.opencart.tests.RegisterTest" name="userRegisterTest" time="2.915"/>
  <testcase classname="com.qa.opencart.tests.RegisterTest" name="userRegisterTest" time="2.598"/>
</testsuite> <!-- com.qa.opencart.tests.RegisterTest -->
