<?xml version="1.0" encoding="UTF-8"?>
<!-- Generated by org.testng.reporters.JUnitReportReporter -->
<testsuite hostname="Rakesh-Singh" failures="0" tests="10" name="com.qa.opencart.tests.AccountPageTest" time="5.309" errors="0" timestamp="01 Jul 2024 11:10:41 GMT" skipped="0">
  <testcase classname="com.qa.opencart.tests.AccountPageTest" name="getPageUrlTest" time="0.138"/>
  <testcase classname="com.qa.opencart.tests.AccountPageTest" name="getMyAccountPresent" time="0.219"/>
  <testcase classname="com.qa.opencart.tests.AccountPageTest" name="homePageHeader" time="0.409"/>
  <testcase classname="com.qa.opencart.tests.AccountPageTest" name="searchBoxPresent" time="0.247"/>
  <testcase classname="com.qa.opencart.tests.AccountPageTest" name="getcontentMainHeaderList" time="0.423"/>
  <testcase classname="com.qa.opencart.tests.AccountPageTest" name="userLogOutPage" time="1.237"/>
  <testcase classname="com.qa.opencart.tests.AccountPageTest" name="addToCartButtonPresent" time="0.441"/>
  <testcase classname="com.qa.opencart.tests.AccountPageTest" name="LogoutLinkPresent" time="0.470"/>
  <testcase classname="com.qa.opencart.tests.AccountPageTest" name="accountTitlrTest" time="0.184"/>
  <testcase classname="com.qa.opencart.tests.AccountPageTest" name="footerLinkAllList" time="1.541"/>
</testsuite> <!-- com.qa.opencart.tests.AccountPageTest -->
