<?xml version="1.0" encoding="UTF-8"?>
<!-- Generated by org.testng.reporters.JUnitReportReporter -->
<testsuite hostname="Rakesh-Singh" failures="0" tests="14" name="com.qa.opencart.tests.SearchResultPageTest" time="48.684" errors="0" timestamp="27 Jun 2024 09:17:56 GMT" skipped="0">
  <testcase classname="com.qa.opencart.tests.SearchResultPageTest" name="productInfoTest" time="0.820"/>
  <testcase classname="com.qa.opencart.tests.SearchResultPageTest" name="imagesCountTest" time="5.910"/>
  <testcase classname="com.qa.opencart.tests.SearchResultPageTest" name="doSearch" time="5.584"/>
  <testcase classname="com.qa.opencart.tests.SearchResultPageTest" name="ProductDesc" time="6.273"/>
  <testcase classname="com.qa.opencart.tests.SearchResultPageTest" name="productDtaTest" time="0.905"/>
  <testcase classname="com.qa.opencart.tests.SearchResultPageTest" name="productInfoTest" time="0.849"/>
  <testcase classname="com.qa.opencart.tests.SearchResultPageTest" name="doSearch" time="5.482"/>
  <testcase classname="com.qa.opencart.tests.SearchResultPageTest" name="doSearch" time="5.486"/>
  <testcase classname="com.qa.opencart.tests.SearchResultPageTest" name="productInfoTest" time="0.899"/>
  <testcase classname="com.qa.opencart.tests.SearchResultPageTest" name="imagesCountTest" time="3.388"/>
  <testcase classname="com.qa.opencart.tests.SearchResultPageTest" name="doSearch" time="5.488"/>
  <testcase classname="com.qa.opencart.tests.SearchResultPageTest" name="productInfoTest" time="0.883"/>
  <testcase classname="com.qa.opencart.tests.SearchResultPageTest" name="imagesCountTest" time="5.851"/>
  <testcase classname="com.qa.opencart.tests.SearchResultPageTest" name="imagesCountTest" time="0.866"/>
</testsuite> <!-- com.qa.opencart.tests.SearchResultPageTest -->
