<?xml version="1.0" encoding="UTF-8"?>
<!-- Generated by org.testng.reporters.JUnitReportReporter -->
<testsuite hostname="Rakesh-Singh" failures="0" tests="4" name="com.qa.opencart.tests.RegisterTest" time="24.344" errors="0" timestamp="01 Jul 2024 11:10:41 GMT" skipped="0">
  <testcase classname="com.qa.opencart.tests.RegisterTest" name="userRegisterTest" time="5.576"/>
  <testcase classname="com.qa.opencart.tests.RegisterTest" name="userRegisterTest" time="4.604"/>
  <testcase classname="com.qa.opencart.tests.RegisterTest" name="userRegisterTest" time="7.523"/>
  <testcase classname="com.qa.opencart.tests.RegisterTest" name="userRegisterTest" time="6.641"/>
</testsuite> <!-- com.qa.opencart.tests.RegisterTest -->
