<?xml version="1.0" encoding="UTF-8"?>
<!-- Generated by org.testng.reporters.JUnitReportReporter -->
<testsuite skipped="14" hostname="Rakesh-Singh" name="com.qa.opencart.tests.SearchResultPageTest" tests="15" failures="0" timestamp="25 Jun 2024 10:00:12 GMT" time="0.001" errors="1">
  <testcase name="productInfoTest" time="0.000" classname="com.qa.opencart.tests.SearchResultPageTest">
    <skipped/>
  </testcase> <!-- productInfoTest -->
  <testcase name="imagesCountTest" time="0.000" classname="com.qa.opencart.tests.SearchResultPageTest">
    <skipped/>
  </testcase> <!-- imagesCountTest -->
  <testcase name="doSearch" time="0.000" classname="com.qa.opencart.tests.SearchResultPageTest">
    <skipped/>
  </testcase> <!-- doSearch -->
  <testcase name="imagesCountTest" time="0.000" classname="com.qa.opencart.tests.SearchResultPageTest">
    <skipped/>
  </testcase> <!-- imagesCountTest -->
  <testcase name="productInfoTest" time="0.000" classname="com.qa.opencart.tests.SearchResultPageTest">
    <skipped/>
  </testcase> <!-- productInfoTest -->
  <testcase name="doSearch" time="0.000" classname="com.qa.opencart.tests.SearchResultPageTest">
    <skipped/>
  </testcase> <!-- doSearch -->
  <testcase name="imagesCountTest" time="0.000" classname="com.qa.opencart.tests.SearchResultPageTest">
    <skipped/>
  </testcase> <!-- imagesCountTest -->
  <testcase name="setup" time="0.001" classname="com.qa.opencart.tests.SearchResultPageTest">
    <error type="java.lang.NullPointerException">
      <![CDATA[java.lang.NullPointerException
at java.util.Properties$LineReader.readLine(Properties.java:434)
at java.util.Properties.load0(Properties.java:353)
at java.util.Properties.load(Properties.java:341)
at com.qa.opencart.factory.DriverFactory.init_prop(DriverFactory.java:135)
at com.qa.opencart.base.BaseTest.setup(BaseTest.java:37)
at sun.reflect.NativeMethodAccessorImpl.invoke0(Native Method)
at sun.reflect.NativeMethodAccessorImpl.invoke(NativeMethodAccessorImpl.java:62)
at sun.reflect.DelegatingMethodAccessorImpl.invoke(DelegatingMethodAccessorImpl.java:43)
at java.lang.reflect.Method.invoke(Method.java:498)
at org.testng.internal.MethodInvocationHelper.invokeMethod(MethodInvocationHelper.java:124)
at org.testng.internal.MethodInvocationHelper.invokeMethodConsideringTimeout(MethodInvocationHelper.java:59)
at org.testng.internal.Invoker.invokeConfigurationMethod(Invoker.java:458)
at org.testng.internal.Invoker.invokeConfigurations(Invoker.java:222)
at org.testng.internal.Invoker.invokeConfigurations(Invoker.java:142)
at org.testng.TestRunner.beforeRun(TestRunner.java:529)
at org.testng.TestRunner.run(TestRunner.java:497)
at org.testng.SuiteRunner.runTest(SuiteRunner.java:455)
at org.testng.SuiteRunner.access$000(SuiteRunner.java:40)
at org.testng.SuiteRunner$SuiteWorker.run(SuiteRunner.java:489)
at org.testng.internal.thread.ThreadUtil$1.call(ThreadUtil.java:52)
at java.util.concurrent.FutureTask.run(FutureTask.java:266)
at java.util.concurrent.ThreadPoolExecutor.runWorker(ThreadPoolExecutor.java:1142)
at java.util.concurrent.ThreadPoolExecutor$Worker.run(ThreadPoolExecutor.java:617)
at java.lang.Thread.run(Thread.java:745)
]]>
    </error>
  </testcase> <!-- setup -->
  <testcase name="productDtaTest" time="0.000" classname="com.qa.opencart.tests.SearchResultPageTest">
    <skipped/>
  </testcase> <!-- productDtaTest -->
  <testcase name="imagesCountTest" time="0.000" classname="com.qa.opencart.tests.SearchResultPageTest">
    <skipped/>
  </testcase> <!-- imagesCountTest -->
  <testcase name="doSearch" time="0.000" classname="com.qa.opencart.tests.SearchResultPageTest">
    <skipped/>
  </testcase> <!-- doSearch -->
  <testcase name="doSearch" time="0.000" classname="com.qa.opencart.tests.SearchResultPageTest">
    <skipped/>
  </testcase> <!-- doSearch -->
  <testcase name="productInfoTest" time="0.000" classname="com.qa.opencart.tests.SearchResultPageTest">
    <skipped/>
  </testcase> <!-- productInfoTest -->
  <testcase name="ProductDesc" time="0.000" classname="com.qa.opencart.tests.SearchResultPageTest">
    <skipped/>
  </testcase> <!-- ProductDesc -->
  <testcase name="productInfoTest" time="0.000" classname="com.qa.opencart.tests.SearchResultPageTest">
    <skipped/>
  </testcase> <!-- productInfoTest -->
</testsuite> <!-- com.qa.opencart.tests.SearchResultPageTest -->
