<?xml version="1.0" encoding="UTF-8"?>
<!-- Generated by org.testng.reporters.JUnitReportReporter -->
<testsuite skipped="10" hostname="Rakesh-Singh" name="com.qa.opencart.tests.AccountPageTest" tests="11" failures="0" timestamp="25 Jun 2024 10:00:12 GMT" time="0.038" errors="1">
  <testcase name="searchBoxPresent" time="0.000" classname="com.qa.opencart.tests.AccountPageTest">
    <skipped/>
  </testcase> <!-- searchBoxPresent -->
  <testcase name="getMyAccountPresent" time="0.000" classname="com.qa.opencart.tests.AccountPageTest">
    <skipped/>
  </testcase> <!-- getMyAccountPresent -->
  <testcase name="footerLinkAllList" time="0.000" classname="com.qa.opencart.tests.AccountPageTest">
    <skipped/>
  </testcase> <!-- footerLinkAllList -->
  <testcase name="homePageHeader" time="0.000" classname="com.qa.opencart.tests.AccountPageTest">
    <skipped/>
  </testcase> <!-- homePageHeader -->
  <testcase name="setup" time="0.038" classname="com.qa.opencart.tests.AccountPageTest">
    <error type="java.lang.NullPointerException">
      <![CDATA[java.lang.NullPointerException
at java.util.Properties$LineReader.readLine(Properties.java:434)
at java.util.Properties.load0(Properties.java:353)
at java.util.Properties.load(Properties.java:341)
at com.qa.opencart.factory.DriverFactory.init_prop(DriverFactory.java:135)
at com.qa.opencart.base.BaseTest.setup(BaseTest.java:37)
at sun.reflect.NativeMethodAccessorImpl.invoke0(Native Method)
at sun.reflect.NativeMethodAccessorImpl.invoke(NativeMethodAccessorImpl.java:62)
at sun.reflect.DelegatingMethodAccessorImpl.invoke(DelegatingMethodAccessorImpl.java:43)
at java.lang.reflect.Method.invoke(Method.java:498)
at org.testng.internal.MethodInvocationHelper.invokeMethod(MethodInvocationHelper.java:124)
at org.testng.internal.MethodInvocationHelper.invokeMethodConsideringTimeout(MethodInvocationHelper.java:59)
at org.testng.internal.Invoker.invokeConfigurationMethod(Invoker.java:458)
at org.testng.internal.Invoker.invokeConfigurations(Invoker.java:222)
at org.testng.internal.Invoker.invokeConfigurations(Invoker.java:142)
at org.testng.TestRunner.beforeRun(TestRunner.java:529)
at org.testng.TestRunner.run(TestRunner.java:497)
at org.testng.SuiteRunner.runTest(SuiteRunner.java:455)
at org.testng.SuiteRunner.access$000(SuiteRunner.java:40)
at org.testng.SuiteRunner$SuiteWorker.run(SuiteRunner.java:489)
at org.testng.internal.thread.ThreadUtil$1.call(ThreadUtil.java:52)
at java.util.concurrent.FutureTask.run(FutureTask.java:266)
at java.util.concurrent.ThreadPoolExecutor.runWorker(ThreadPoolExecutor.java:1142)
at java.util.concurrent.ThreadPoolExecutor$Worker.run(ThreadPoolExecutor.java:617)
at java.lang.Thread.run(Thread.java:745)
]]>
    </error>
  </testcase> <!-- setup -->
  <testcase name="LogoutLinkPresent" time="0.000" classname="com.qa.opencart.tests.AccountPageTest">
    <skipped/>
  </testcase> <!-- LogoutLinkPresent -->
  <testcase name="addToCartButtonPresent" time="0.000" classname="com.qa.opencart.tests.AccountPageTest">
    <skipped/>
  </testcase> <!-- addToCartButtonPresent -->
  <testcase name="accountTitlrTest" time="0.000" classname="com.qa.opencart.tests.AccountPageTest">
    <skipped/>
  </testcase> <!-- accountTitlrTest -->
  <testcase name="getPageUrlTest" time="0.000" classname="com.qa.opencart.tests.AccountPageTest">
    <skipped/>
  </testcase> <!-- getPageUrlTest -->
  <testcase name="getcontentMainHeaderList" time="0.000" classname="com.qa.opencart.tests.AccountPageTest">
    <skipped/>
  </testcase> <!-- getcontentMainHeaderList -->
  <testcase name="userLogOutPage" time="0.000" classname="com.qa.opencart.tests.AccountPageTest">
    <skipped/>
  </testcase> <!-- userLogOutPage -->
</testsuite> <!-- com.qa.opencart.tests.AccountPageTest -->
